Arguments: 
  /home/langton/.nvm/versions/node/v10.16.0/bin/node /usr/local/bin/yarn add bcrypt

PATH: 
  /home/langton/.nvm/versions/node/v10.16.0/bin:/usr/local/sbin:/usr/local/bin:/usr/sbin:/usr/bin:/sbin:/bin:/usr/games:/usr/local/games:/snap/bin:/usr/lib/jvm/java-12-oracle/bin:/usr/lib/jvm/java-12-oracle/db/bin

Yarn version: 
  1.17.3

Node version: 
  10.16.0

Platform: 
  linux x64

Trace: 
  Error: getaddrinfo ENOTFOUND registry.yarnpkg.com registry.yarnpkg.com:443
      at GetAddrInfoReqWrap.onlookup [as oncomplete] (dns.js:56:26)

npm manifest: 
  {
    "name": "api-graphql",
    "version": "1.0.0",
    "description": "",
    "main": "index.js",
    "scripts": {
      "start": "nodemon app.js"
    },
    "keywords": [],
    "author": "",
    "license": "ISC",
    "dependencies": {
      "body-parser": "^1.19.0",
      "dotenv": "^8.0.0",
      "express": "^4.17.1",
      "express-graphql": "^0.9.0",
      "graphql": "^14.4.2",
      "mongoose": "^5.6.9"
    },
    "devDependencies": {
      "nodemon": "^1.19.1"
    }
  }

yarn manifest: 
  No manifest

Lockfile: 
  No lockfile
